<?xml version="1.0" encoding="UTF-8"?>
<coverage generated="1530006853813" clover="3.2.0">
  <project timestamp="1530006853813" name="All files">
    <metrics statements="142" coveredstatements="119" conditionals="46" coveredconditionals="25" methods="81" coveredmethods="64" elements="269" coveredelements="208" complexity="0" loc="142" ncloc="142" packages="22" files="44" classes="44">
      <package name="config">
        <metrics statements="1" coveredstatements="1" conditionals="0" coveredconditionals="0" methods="0" coveredmethods="0"/>
        <file name="enzyme.config.js" path="/Users/jacktan/Documents/git/incognito-record-ui/config/enzyme.config.js">
          <metrics statements="1" coveredstatements="1" conditionals="0" coveredconditionals="0" methods="0" coveredmethods="0"/>
          <line num="4" count="10" type="stmt"/>
        </file>
      </package>
      <package name="src.blog.post">
        <metrics statements="4" coveredstatements="4" conditionals="0" coveredconditionals="0" methods="2" coveredmethods="2"/>
        <file name="Post.js" path="/Users/jacktan/Documents/git/incognito-record-ui/src/blog/post/Post.js">
          <metrics statements="4" coveredstatements="4" conditionals="0" coveredconditionals="0" methods="2" coveredmethods="2"/>
          <line num="7" count="3" type="stmt"/>
          <line num="11" count="2" type="stmt"/>
          <line num="15" count="21" type="stmt"/>
          <line num="17" count="21" type="stmt"/>
        </file>
        <file name="index.js" path="/Users/jacktan/Documents/git/incognito-record-ui/src/blog/post/index.js">
          <metrics statements="0" coveredstatements="0" conditionals="0" coveredconditionals="0" methods="0" coveredmethods="0"/>
        </file>
      </package>
      <package name="src.blog.postImage">
        <metrics statements="6" coveredstatements="5" conditionals="0" coveredconditionals="0" methods="3" coveredmethods="2"/>
        <file name="PostImage.js" path="/Users/jacktan/Documents/git/incognito-record-ui/src/blog/postImage/PostImage.js">
          <metrics statements="6" coveredstatements="5" conditionals="0" coveredconditionals="0" methods="3" coveredmethods="2"/>
          <line num="7" count="3" type="stmt"/>
          <line num="9" count="3" type="stmt"/>
          <line num="19" count="0" type="stmt"/>
          <line num="22" count="6" type="stmt"/>
          <line num="23" count="6" type="stmt"/>
          <line num="26" count="6" type="stmt"/>
        </file>
        <file name="index.js" path="/Users/jacktan/Documents/git/incognito-record-ui/src/blog/postImage/index.js">
          <metrics statements="0" coveredstatements="0" conditionals="0" coveredconditionals="0" methods="0" coveredmethods="0"/>
        </file>
      </package>
      <package name="src.calendar">
        <metrics statements="36" coveredstatements="33" conditionals="16" coveredconditionals="9" methods="25" coveredmethods="23"/>
        <file name="Calendar.js" path="/Users/jacktan/Documents/git/incognito-record-ui/src/calendar/Calendar.js">
          <metrics statements="36" coveredstatements="33" conditionals="16" coveredconditionals="9" methods="25" coveredmethods="23"/>
          <line num="9" count="3" type="stmt"/>
          <line num="11" count="3" type="stmt"/>
          <line num="13" count="3" type="stmt"/>
          <line num="27" count="3" type="stmt"/>
          <line num="28" count="36" type="stmt"/>
          <line num="33" count="3" type="stmt"/>
          <line num="34" count="3" type="stmt"/>
          <line num="35" count="93" type="stmt"/>
          <line num="48" count="7" type="stmt"/>
          <line num="49" count="0" type="stmt"/>
          <line num="54" count="1" type="stmt"/>
          <line num="55" count="1" type="stmt"/>
          <line num="56" count="1" type="stmt"/>
          <line num="62" count="26" type="stmt"/>
          <line num="66" count="18" type="stmt"/>
          <line num="70" count="9" type="stmt"/>
          <line num="74" count="39" type="stmt"/>
          <line num="78" count="8" type="cond" truecount="2" falsecount="0"/>
          <line num="82" count="8" type="cond" truecount="1" falsecount="1"/>
          <line num="86" count="8" type="cond" truecount="2" falsecount="0"/>
          <line num="90" count="8" type="cond" truecount="1" falsecount="1"/>
          <line num="94" count="8" type="stmt"/>
          <line num="107" count="0" type="stmt"/>
          <line num="108" count="0" type="stmt"/>
          <line num="120" count="8" type="stmt"/>
          <line num="122" count="8" type="stmt"/>
          <line num="131" count="5" type="stmt"/>
          <line num="139" count="3" type="stmt"/>
          <line num="143" count="21" type="stmt"/>
          <line num="144" count="21" type="stmt"/>
          <line num="164" count="5" type="stmt"/>
          <line num="170" count="17" type="stmt"/>
          <line num="181" count="17" type="stmt"/>
          <line num="192" count="3" type="stmt"/>
          <line num="196" count="21" type="stmt"/>
          <line num="197" count="21" type="stmt"/>
        </file>
        <file name="index.js" path="/Users/jacktan/Documents/git/incognito-record-ui/src/calendar/index.js">
          <metrics statements="0" coveredstatements="0" conditionals="0" coveredconditionals="0" methods="0" coveredmethods="0"/>
        </file>
      </package>
      <package name="src.categories">
        <metrics statements="17" coveredstatements="16" conditionals="4" coveredconditionals="3" methods="11" coveredmethods="10"/>
        <file name="Categories.js" path="/Users/jacktan/Documents/git/incognito-record-ui/src/categories/Categories.js">
          <metrics statements="17" coveredstatements="16" conditionals="4" coveredconditionals="3" methods="11" coveredmethods="10"/>
          <line num="11" count="3" type="stmt"/>
          <line num="13" count="3" type="stmt"/>
          <line num="21" count="2" type="stmt"/>
          <line num="22" count="1" type="stmt"/>
          <line num="31" count="3" type="stmt"/>
          <line num="33" count="1" type="stmt"/>
          <line num="34" count="1" type="stmt"/>
          <line num="57" count="1" type="stmt"/>
          <line num="61" count="0" type="stmt"/>
          <line num="65" count="3" type="stmt"/>
          <line num="67" count="3" type="stmt"/>
          <line num="71" count="1" type="stmt"/>
          <line num="75" count="5" type="stmt"/>
          <line num="84" count="2" type="stmt"/>
          <line num="87" count="2" type="stmt"/>
          <line num="88" count="2" type="stmt"/>
          <line num="92" count="6" type="stmt"/>
        </file>
        <file name="Categories.messages.js" path="/Users/jacktan/Documents/git/incognito-record-ui/src/categories/Categories.messages.js">
          <metrics statements="0" coveredstatements="0" conditionals="0" coveredconditionals="0" methods="0" coveredmethods="0"/>
        </file>
        <file name="index.js" path="/Users/jacktan/Documents/git/incognito-record-ui/src/categories/index.js">
          <metrics statements="0" coveredstatements="0" conditionals="0" coveredconditionals="0" methods="0" coveredmethods="0"/>
        </file>
      </package>
      <package name="src.config">
        <metrics statements="0" coveredstatements="0" conditionals="0" coveredconditionals="0" methods="0" coveredmethods="0"/>
        <file name="routes.js" path="/Users/jacktan/Documents/git/incognito-record-ui/src/config/routes.js">
          <metrics statements="0" coveredstatements="0" conditionals="0" coveredconditionals="0" methods="0" coveredmethods="0"/>
        </file>
      </package>
      <package name="src.content">
        <metrics statements="3" coveredstatements="3" conditionals="2" coveredconditionals="1" methods="1" coveredmethods="1"/>
        <file name="Content.js" path="/Users/jacktan/Documents/git/incognito-record-ui/src/content/Content.js">
          <metrics statements="3" coveredstatements="3" conditionals="2" coveredconditionals="1" methods="1" coveredmethods="1"/>
          <line num="6" count="2" type="stmt"/>
          <line num="8" count="2" type="stmt"/>
          <line num="9" count="1" type="stmt"/>
        </file>
        <file name="index.js" path="/Users/jacktan/Documents/git/incognito-record-ui/src/content/index.js">
          <metrics statements="0" coveredstatements="0" conditionals="0" coveredconditionals="0" methods="0" coveredmethods="0"/>
        </file>
      </package>
      <package name="src.digitalClock">
        <metrics statements="5" coveredstatements="5" conditionals="0" coveredconditionals="0" methods="4" coveredmethods="4"/>
        <file name="DigitalClock.js" path="/Users/jacktan/Documents/git/incognito-record-ui/src/digitalClock/DigitalClock.js">
          <metrics statements="5" coveredstatements="5" conditionals="0" coveredconditionals="0" methods="4" coveredmethods="4"/>
          <line num="7" count="3" type="stmt"/>
          <line num="11" count="7" type="stmt"/>
          <line num="15" count="7" type="stmt"/>
          <line num="19" count="7" type="stmt"/>
          <line num="23" count="3" type="stmt"/>
        </file>
        <file name="index.js" path="/Users/jacktan/Documents/git/incognito-record-ui/src/digitalClock/index.js">
          <metrics statements="0" coveredstatements="0" conditionals="0" coveredconditionals="0" methods="0" coveredmethods="0"/>
        </file>
      </package>
      <package name="src.footer">
        <metrics statements="3" coveredstatements="3" conditionals="0" coveredconditionals="0" methods="1" coveredmethods="1"/>
        <file name="Footer.js" path="/Users/jacktan/Documents/git/incognito-record-ui/src/footer/Footer.js">
          <metrics statements="3" coveredstatements="3" conditionals="0" coveredconditionals="0" methods="1" coveredmethods="1"/>
          <line num="8" count="1" type="stmt"/>
          <line num="10" count="1" type="stmt"/>
          <line num="11" count="2" type="stmt"/>
        </file>
        <file name="index.js" path="/Users/jacktan/Documents/git/incognito-record-ui/src/footer/index.js">
          <metrics statements="0" coveredstatements="0" conditionals="0" coveredconditionals="0" methods="0" coveredmethods="0"/>
        </file>
      </package>
      <package name="src.footer.timer">
        <metrics statements="9" coveredstatements="6" conditionals="3" coveredconditionals="2" methods="6" coveredmethods="3"/>
        <file name="Timer.js" path="/Users/jacktan/Documents/git/incognito-record-ui/src/footer/timer/Timer.js">
          <metrics statements="9" coveredstatements="6" conditionals="3" coveredconditionals="2" methods="6" coveredmethods="3"/>
          <line num="7" count="2" type="stmt"/>
          <line num="15" count="3" type="stmt"/>
          <line num="17" count="3" type="stmt"/>
          <line num="21" count="0" type="stmt"/>
          <line num="27" count="3" type="stmt"/>
          <line num="29" count="3" type="stmt"/>
          <line num="30" count="0" type="stmt"/>
          <line num="35" count="3" type="stmt"/>
          <line num="39" count="0" type="stmt"/>
        </file>
        <file name="index.js" path="/Users/jacktan/Documents/git/incognito-record-ui/src/footer/timer/index.js">
          <metrics statements="0" coveredstatements="0" conditionals="0" coveredconditionals="0" methods="0" coveredmethods="0"/>
        </file>
      </package>
      <package name="src.header">
        <metrics statements="3" coveredstatements="3" conditionals="2" coveredconditionals="2" methods="1" coveredmethods="1"/>
        <file name="Header.js" path="/Users/jacktan/Documents/git/incognito-record-ui/src/header/Header.js">
          <metrics statements="3" coveredstatements="3" conditionals="2" coveredconditionals="2" methods="1" coveredmethods="1"/>
          <line num="10" count="2" type="stmt"/>
          <line num="12" count="2" type="stmt"/>
          <line num="13" count="4" type="stmt"/>
        </file>
        <file name="index.js" path="/Users/jacktan/Documents/git/incognito-record-ui/src/header/index.js">
          <metrics statements="0" coveredstatements="0" conditionals="0" coveredconditionals="0" methods="0" coveredmethods="0"/>
        </file>
      </package>
      <package name="src.header.navicon">
        <metrics statements="2" coveredstatements="2" conditionals="0" coveredconditionals="0" methods="1" coveredmethods="1"/>
        <file name="index.js" path="/Users/jacktan/Documents/git/incognito-record-ui/src/header/navicon/index.js">
          <metrics statements="0" coveredstatements="0" conditionals="0" coveredconditionals="0" methods="0" coveredmethods="0"/>
        </file>
        <file name="navicon.js" path="/Users/jacktan/Documents/git/incognito-record-ui/src/header/navicon/navicon.js">
          <metrics statements="2" coveredstatements="2" conditionals="0" coveredconditionals="0" methods="1" coveredmethods="1"/>
          <line num="6" count="2" type="stmt"/>
          <line num="8" count="2" type="stmt"/>
        </file>
      </package>
      <package name="src.header.navigation">
        <metrics statements="3" coveredstatements="3" conditionals="0" coveredconditionals="0" methods="1" coveredmethods="1"/>
        <file name="Navigation.js" path="/Users/jacktan/Documents/git/incognito-record-ui/src/header/navigation/Navigation.js">
          <metrics statements="3" coveredstatements="3" conditionals="0" coveredconditionals="0" methods="1" coveredmethods="1"/>
          <line num="10" count="2" type="stmt"/>
          <line num="12" count="2" type="stmt"/>
          <line num="13" count="2" type="stmt"/>
        </file>
        <file name="Navigation.messages.js" path="/Users/jacktan/Documents/git/incognito-record-ui/src/header/navigation/Navigation.messages.js">
          <metrics statements="0" coveredstatements="0" conditionals="0" coveredconditionals="0" methods="0" coveredmethods="0"/>
        </file>
        <file name="index.js" path="/Users/jacktan/Documents/git/incognito-record-ui/src/header/navigation/index.js">
          <metrics statements="0" coveredstatements="0" conditionals="0" coveredconditionals="0" methods="0" coveredmethods="0"/>
        </file>
      </package>
      <package name="src.page.about">
        <metrics statements="14" coveredstatements="1" conditionals="7" coveredconditionals="0" methods="7" coveredmethods="0"/>
        <file name="About.js" path="/Users/jacktan/Documents/git/incognito-record-ui/src/page/about/About.js">
          <metrics statements="14" coveredstatements="1" conditionals="7" coveredconditionals="0" methods="7" coveredmethods="0"/>
          <line num="8" count="1" type="stmt"/>
          <line num="16" count="0" type="stmt"/>
          <line num="17" count="0" type="stmt"/>
          <line num="18" count="0" type="stmt"/>
          <line num="21" count="0" type="cond" truecount="0" falsecount="4"/>
          <line num="22" count="0" type="stmt"/>
          <line num="29" count="0" type="stmt"/>
          <line num="30" count="0" type="stmt"/>
          <line num="33" count="0" type="cond" truecount="0" falsecount="3"/>
          <line num="36" count="0" type="stmt"/>
          <line num="37" count="0" type="stmt"/>
          <line num="38" count="0" type="stmt"/>
          <line num="51" count="0" type="stmt"/>
          <line num="54" count="0" type="stmt"/>
        </file>
        <file name="index.js" path="/Users/jacktan/Documents/git/incognito-record-ui/src/page/about/index.js">
          <metrics statements="0" coveredstatements="0" conditionals="0" coveredconditionals="0" methods="0" coveredmethods="0"/>
        </file>
      </package>
      <package name="src.page.blog">
        <metrics statements="8" coveredstatements="6" conditionals="6" coveredconditionals="3" methods="8" coveredmethods="5"/>
        <file name="Blog.js" path="/Users/jacktan/Documents/git/incognito-record-ui/src/page/blog/Blog.js">
          <metrics statements="8" coveredstatements="6" conditionals="6" coveredconditionals="3" methods="8" coveredmethods="5"/>
          <line num="17" count="2" type="stmt"/>
          <line num="54" count="3" type="stmt"/>
          <line num="57" count="1" type="stmt"/>
          <line num="60" count="0" type="stmt"/>
          <line num="61" count="0" type="stmt"/>
          <line num="89" count="4" type="stmt"/>
          <line num="115" count="5" type="cond" truecount="1" falsecount="1"/>
          <line num="130" count="20" type="stmt"/>
        </file>
        <file name="Blog.messages.js" path="/Users/jacktan/Documents/git/incognito-record-ui/src/page/blog/Blog.messages.js">
          <metrics statements="0" coveredstatements="0" conditionals="0" coveredconditionals="0" methods="0" coveredmethods="0"/>
        </file>
        <file name="index.js" path="/Users/jacktan/Documents/git/incognito-record-ui/src/page/blog/index.js">
          <metrics statements="0" coveredstatements="0" conditionals="0" coveredconditionals="0" methods="0" coveredmethods="0"/>
        </file>
      </package>
      <package name="src.page.root">
        <metrics statements="4" coveredstatements="4" conditionals="0" coveredconditionals="0" methods="1" coveredmethods="1"/>
        <file name="Root.js" path="/Users/jacktan/Documents/git/incognito-record-ui/src/page/root/Root.js">
          <metrics statements="4" coveredstatements="4" conditionals="0" coveredconditionals="0" methods="1" coveredmethods="1"/>
          <line num="12" count="1" type="stmt"/>
          <line num="14" count="1" type="stmt"/>
          <line num="15" count="2" type="stmt"/>
          <line num="17" count="2" type="stmt"/>
        </file>
      </package>
      <package name="src.page.root.intl">
        <metrics statements="5" coveredstatements="5" conditionals="0" coveredconditionals="0" methods="1" coveredmethods="1"/>
        <file name="Intl.js" path="/Users/jacktan/Documents/git/incognito-record-ui/src/page/root/intl/Intl.js">
          <metrics statements="5" coveredstatements="5" conditionals="0" coveredconditionals="0" methods="1" coveredmethods="1"/>
          <line num="6" count="1" type="stmt"/>
          <line num="8" count="1" type="stmt"/>
          <line num="11" count="1" type="stmt"/>
          <line num="13" count="1" type="stmt"/>
          <line num="14" count="2" type="stmt"/>
        </file>
        <file name="index.js" path="/Users/jacktan/Documents/git/incognito-record-ui/src/page/root/intl/index.js">
          <metrics statements="0" coveredstatements="0" conditionals="0" coveredconditionals="0" methods="0" coveredmethods="0"/>
        </file>
      </package>
      <package name="src.page.root.router">
        <metrics statements="2" coveredstatements="2" conditionals="0" coveredconditionals="0" methods="1" coveredmethods="1"/>
        <file name="Router.js" path="/Users/jacktan/Documents/git/incognito-record-ui/src/page/root/router/Router.js">
          <metrics statements="2" coveredstatements="2" conditionals="0" coveredconditionals="0" methods="1" coveredmethods="1"/>
          <line num="8" count="1" type="stmt"/>
          <line num="9" count="2" type="stmt"/>
        </file>
        <file name="index.js" path="/Users/jacktan/Documents/git/incognito-record-ui/src/page/root/router/index.js">
          <metrics statements="0" coveredstatements="0" conditionals="0" coveredconditionals="0" methods="0" coveredmethods="0"/>
        </file>
      </package>
      <package name="src.spinner">
        <metrics statements="2" coveredstatements="2" conditionals="0" coveredconditionals="0" methods="1" coveredmethods="1"/>
        <file name="Spinner.js" path="/Users/jacktan/Documents/git/incognito-record-ui/src/spinner/Spinner.js">
          <metrics statements="2" coveredstatements="2" conditionals="0" coveredconditionals="0" methods="1" coveredmethods="1"/>
          <line num="6" count="2" type="stmt"/>
          <line num="8" count="4" type="stmt"/>
        </file>
        <file name="index.js" path="/Users/jacktan/Documents/git/incognito-record-ui/src/spinner/index.js">
          <metrics statements="0" coveredstatements="0" conditionals="0" coveredconditionals="0" methods="0" coveredmethods="0"/>
        </file>
      </package>
      <package name="src.ui.search">
        <metrics statements="3" coveredstatements="3" conditionals="0" coveredconditionals="0" methods="1" coveredmethods="1"/>
        <file name="Search.js" path="/Users/jacktan/Documents/git/incognito-record-ui/src/ui/search/Search.js">
          <metrics statements="3" coveredstatements="3" conditionals="0" coveredconditionals="0" methods="1" coveredmethods="1"/>
          <line num="7" count="3" type="stmt"/>
          <line num="9" count="3" type="stmt"/>
          <line num="10" count="2" type="stmt"/>
        </file>
        <file name="index.js" path="/Users/jacktan/Documents/git/incognito-record-ui/src/ui/search/index.js">
          <metrics statements="0" coveredstatements="0" conditionals="0" coveredconditionals="0" methods="0" coveredmethods="0"/>
        </file>
      </package>
      <package name="src.ui.textField">
        <metrics statements="4" coveredstatements="4" conditionals="2" coveredconditionals="1" methods="1" coveredmethods="1"/>
        <file name="TextField.js" path="/Users/jacktan/Documents/git/incognito-record-ui/src/ui/textField/TextField.js">
          <metrics statements="4" coveredstatements="4" conditionals="2" coveredconditionals="1" methods="1" coveredmethods="1"/>
          <line num="6" count="3" type="stmt"/>
          <line num="8" count="3" type="stmt"/>
          <line num="9" count="2" type="stmt"/>
          <line num="14" count="2" type="stmt"/>
        </file>
        <file name="index.js" path="/Users/jacktan/Documents/git/incognito-record-ui/src/ui/textField/index.js">
          <metrics statements="0" coveredstatements="0" conditionals="0" coveredconditionals="0" methods="0" coveredmethods="0"/>
        </file>
      </package>
      <package name="src.util">
        <metrics statements="8" coveredstatements="8" conditionals="4" coveredconditionals="4" methods="4" coveredmethods="4"/>
        <file name="createBem.js" path="/Users/jacktan/Documents/git/incognito-record-ui/src/util/createBem.js">
          <metrics statements="7" coveredstatements="7" conditionals="4" coveredconditionals="4" methods="2" coveredmethods="2"/>
          <line num="1" count="38" type="stmt"/>
          <line num="2" count="361" type="stmt"/>
          <line num="4" count="361" type="cond" truecount="2" falsecount="0"/>
          <line num="5" count="296" type="stmt"/>
          <line num="8" count="361" type="cond" truecount="2" falsecount="0"/>
          <line num="9" count="8" type="stmt"/>
          <line num="12" count="361" type="stmt"/>
        </file>
        <file name="delay.js" path="/Users/jacktan/Documents/git/incognito-record-ui/src/util/delay.js">
          <metrics statements="1" coveredstatements="1" conditionals="0" coveredconditionals="0" methods="2" coveredmethods="2"/>
          <line num="1" count="5" type="stmt"/>
        </file>
      </package>
    </metrics>
  </project>
</coverage>
