{"/Users/jacktan/Documents/git/incognito-record-ui/config/enzyme.config.js": {"path":"/Users/jacktan/Documents/git/incognito-record-ui/config/enzyme.config.js","statementMap":{"0":{"start":{"line":4,"column":0},"end":{"line":4,"column":45}}},"fnMap":{},"branchMap":{},"s":{"0":10},"f":{},"b":{},"_coverageSchema":"332fd63041d2c1bcb487cc26dd0d5f7d97098a6c","hash":"f07c071f25694268b6eeeac0f4a59cba7deb1fe3"}
,"/Users/jacktan/Documents/git/incognito-record-ui/src/blog/post/Post.js": {"path":"/Users/jacktan/Documents/git/incognito-record-ui/src/blog/post/Post.js","statementMap":{"0":{"start":{"line":7,"column":12},"end":{"line":7,"column":39}},"1":{"start":{"line":11,"column":4},"end":{"line":11,"column":79}},"2":{"start":{"line":15,"column":44},"end":{"line":15,"column":54}},"3":{"start":{"line":17,"column":4},"end":{"line":31,"column":6}}},"fnMap":{"0":{"name":"(anonymous_0)","decl":{"start":{"line":10,"column":16},"end":{"line":10,"column":17}},"loc":{"start":{"line":10,"column":22},"end":{"line":12,"column":3}},"line":10},"1":{"name":"(anonymous_1)","decl":{"start":{"line":14,"column":2},"end":{"line":14,"column":3}},"loc":{"start":{"line":14,"column":11},"end":{"line":32,"column":3}},"line":14}},"branchMap":{},"s":{"0":3,"1":2,"2":21,"3":21},"f":{"0":2,"1":21},"b":{},"_coverageSchema":"332fd63041d2c1bcb487cc26dd0d5f7d97098a6c","hash":"b24b2785d39354a5297ab85091627d176a692971"}
,"/Users/jacktan/Documents/git/incognito-record-ui/src/blog/post/index.js": {"path":"/Users/jacktan/Documents/git/incognito-record-ui/src/blog/post/index.js","statementMap":{},"fnMap":{},"branchMap":{},"s":{},"f":{},"b":{},"_coverageSchema":"332fd63041d2c1bcb487cc26dd0d5f7d97098a6c","hash":"381a13cb446461b548108ec71e816922e64e3566"}
,"/Users/jacktan/Documents/git/incognito-record-ui/src/blog/postImage/PostImage.js": {"path":"/Users/jacktan/Documents/git/incognito-record-ui/src/blog/postImage/PostImage.js","statementMap":{"0":{"start":{"line":7,"column":12},"end":{"line":7,"column":44}},"1":{"start":{"line":9,"column":30},"end":{"line":12,"column":1}},"2":{"start":{"line":19,"column":17},"end":{"line":19,"column":62}},"3":{"start":{"line":22,"column":21},"end":{"line":22,"column":31}},"4":{"start":{"line":23,"column":4},"end":{"line":29,"column":6}},"5":{"start":{"line":26,"column":10},"end":{"line":26,"column":120}}},"fnMap":{"0":{"name":"(anonymous_0)","decl":{"start":{"line":19,"column":11},"end":{"line":19,"column":12}},"loc":{"start":{"line":19,"column":17},"end":{"line":19,"column":62}},"line":19},"1":{"name":"(anonymous_1)","decl":{"start":{"line":21,"column":2},"end":{"line":21,"column":3}},"loc":{"start":{"line":21,"column":11},"end":{"line":30,"column":3}},"line":21},"2":{"name":"(anonymous_2)","decl":{"start":{"line":25,"column":9},"end":{"line":25,"column":10}},"loc":{"start":{"line":26,"column":10},"end":{"line":26,"column":120}},"line":26}},"branchMap":{},"s":{"0":3,"1":3,"2":0,"3":6,"4":6,"5":6},"f":{"0":0,"1":6,"2":6},"b":{},"_coverageSchema":"332fd63041d2c1bcb487cc26dd0d5f7d97098a6c","hash":"5e98da11bac48fe11114400756c4e4c91022eea6"}
,"/Users/jacktan/Documents/git/incognito-record-ui/src/blog/postImage/index.js": {"path":"/Users/jacktan/Documents/git/incognito-record-ui/src/blog/postImage/index.js","statementMap":{},"fnMap":{},"branchMap":{},"s":{},"f":{},"b":{},"_coverageSchema":"332fd63041d2c1bcb487cc26dd0d5f7d97098a6c","hash":"c0e9e28c945d7c9204982d72d7518df1661ca045"}
,"/Users/jacktan/Documents/git/incognito-record-ui/src/calendar/Calendar.js": {"path":"/Users/jacktan/Documents/git/incognito-record-ui/src/calendar/Calendar.js","statementMap":{"0":{"start":{"line":9,"column":12},"end":{"line":9,"column":38}},"1":{"start":{"line":11,"column":25},"end":{"line":11,"column":26}},"2":{"start":{"line":13,"column":13},"end":{"line":26,"column":1}},"3":{"start":{"line":27,"column":0},"end":{"line":31,"column":3}},"4":{"start":{"line":28,"column":2},"end":{"line":30,"column":9}},"5":{"start":{"line":33,"column":14},"end":{"line":33,"column":16}},"6":{"start":{"line":34,"column":0},"end":{"line":40,"column":1}},"7":{"start":{"line":35,"column":2},"end":{"line":39,"column":4}},"8":{"start":{"line":48,"column":4},"end":{"line":50,"column":10}},"9":{"start":{"line":49,"column":6},"end":{"line":49,"column":38}},"10":{"start":{"line":54,"column":4},"end":{"line":54,"column":37}},"11":{"start":{"line":55,"column":4},"end":{"line":55,"column":39}},"12":{"start":{"line":56,"column":4},"end":{"line":56,"column":37}},"13":{"start":{"line":62,"column":4},"end":{"line":62,"column":46}},"14":{"start":{"line":66,"column":4},"end":{"line":66,"column":43}},"15":{"start":{"line":70,"column":4},"end":{"line":70,"column":49}},"16":{"start":{"line":74,"column":4},"end":{"line":74,"column":42}},"17":{"start":{"line":78,"column":4},"end":{"line":78,"column":51}},"18":{"start":{"line":82,"column":4},"end":{"line":82,"column":54}},"19":{"start":{"line":86,"column":4},"end":{"line":86,"column":52}},"20":{"start":{"line":90,"column":4},"end":{"line":90,"column":55}},"21":{"start":{"line":94,"column":4},"end":{"line":94,"column":46}},"22":{"start":{"line":107,"column":6},"end":{"line":107,"column":23}},"23":{"start":{"line":108,"column":6},"end":{"line":115,"column":9}},"24":{"start":{"line":120,"column":19},"end":{"line":120,"column":29}},"25":{"start":{"line":122,"column":4},"end":{"line":204,"column":6}},"26":{"start":{"line":131,"column":12},"end":{"line":133,"column":27}},"27":{"start":{"line":139,"column":14},"end":{"line":146,"column":16}},"28":{"start":{"line":143,"column":55},"end":{"line":143,"column":68}},"29":{"start":{"line":144,"column":67},"end":{"line":144,"column":92}},"30":{"start":{"line":164,"column":14},"end":{"line":187,"column":31}},"31":{"start":{"line":170,"column":65},"end":{"line":170,"column":87}},"32":{"start":{"line":181,"column":65},"end":{"line":181,"column":88}},"33":{"start":{"line":192,"column":14},"end":{"line":199,"column":16}},"34":{"start":{"line":196,"column":55},"end":{"line":196,"column":68}},"35":{"start":{"line":197,"column":64},"end":{"line":197,"column":89}}},"fnMap":{"0":{"name":"(anonymous_0)","decl":{"start":{"line":27,"column":20},"end":{"line":27,"column":21}},"loc":{"start":{"line":28,"column":2},"end":{"line":30,"column":9}},"line":28},"1":{"name":"(anonymous_1)","decl":{"start":{"line":47,"column":2},"end":{"line":47,"column":3}},"loc":{"start":{"line":47,"column":22},"end":{"line":51,"column":3}},"line":47},"2":{"name":"(anonymous_2)","decl":{"start":{"line":48,"column":15},"end":{"line":48,"column":16}},"loc":{"start":{"line":48,"column":21},"end":{"line":50,"column":5}},"line":48},"3":{"name":"(anonymous_3)","decl":{"start":{"line":53,"column":2},"end":{"line":53,"column":3}},"loc":{"start":{"line":53,"column":23},"end":{"line":57,"column":3}},"line":53},"4":{"name":"(anonymous_4)","decl":{"start":{"line":59,"column":2},"end":{"line":59,"column":3}},"loc":{"start":{"line":59,"column":20},"end":{"line":63,"column":3}},"line":59},"5":{"name":"(anonymous_5)","decl":{"start":{"line":65,"column":2},"end":{"line":65,"column":3}},"loc":{"start":{"line":65,"column":21},"end":{"line":67,"column":3}},"line":65},"6":{"name":"(anonymous_6)","decl":{"start":{"line":69,"column":2},"end":{"line":69,"column":3}},"loc":{"start":{"line":69,"column":27},"end":{"line":71,"column":3}},"line":69},"7":{"name":"(anonymous_7)","decl":{"start":{"line":73,"column":2},"end":{"line":73,"column":3}},"loc":{"start":{"line":73,"column":20},"end":{"line":75,"column":3}},"line":73},"8":{"name":"(anonymous_8)","decl":{"start":{"line":77,"column":2},"end":{"line":77,"column":3}},"loc":{"start":{"line":77,"column":25},"end":{"line":79,"column":3}},"line":77},"9":{"name":"(anonymous_9)","decl":{"start":{"line":81,"column":2},"end":{"line":81,"column":3}},"loc":{"start":{"line":81,"column":28},"end":{"line":83,"column":3}},"line":81},"10":{"name":"(anonymous_10)","decl":{"start":{"line":85,"column":2},"end":{"line":85,"column":3}},"loc":{"start":{"line":85,"column":26},"end":{"line":87,"column":3}},"line":85},"11":{"name":"(anonymous_11)","decl":{"start":{"line":89,"column":2},"end":{"line":89,"column":3}},"loc":{"start":{"line":89,"column":29},"end":{"line":91,"column":3}},"line":89},"12":{"name":"(anonymous_12)","decl":{"start":{"line":93,"column":2},"end":{"line":93,"column":3}},"loc":{"start":{"line":93,"column":29},"end":{"line":95,"column":3}},"line":93},"13":{"name":"(anonymous_13)","decl":{"start":{"line":106,"column":10},"end":{"line":106,"column":11}},"loc":{"start":{"line":106,"column":24},"end":{"line":116,"column":5}},"line":106},"14":{"name":"(anonymous_14)","decl":{"start":{"line":119,"column":2},"end":{"line":119,"column":3}},"loc":{"start":{"line":119,"column":11},"end":{"line":205,"column":3}},"line":119},"15":{"name":"(anonymous_15)","decl":{"start":{"line":130,"column":11},"end":{"line":130,"column":12}},"loc":{"start":{"line":131,"column":12},"end":{"line":133,"column":27}},"line":131},"16":{"name":"(anonymous_16)","decl":{"start":{"line":138,"column":13},"end":{"line":138,"column":14}},"loc":{"start":{"line":139,"column":14},"end":{"line":146,"column":16}},"line":139},"17":{"name":"(anonymous_17)","decl":{"start":{"line":143,"column":45},"end":{"line":143,"column":46}},"loc":{"start":{"line":143,"column":55},"end":{"line":143,"column":68}},"line":143},"18":{"name":"(anonymous_18)","decl":{"start":{"line":144,"column":57},"end":{"line":144,"column":58}},"loc":{"start":{"line":144,"column":67},"end":{"line":144,"column":92}},"line":144},"19":{"name":"(anonymous_19)","decl":{"start":{"line":163,"column":13},"end":{"line":163,"column":14}},"loc":{"start":{"line":164,"column":14},"end":{"line":187,"column":31}},"line":164},"20":{"name":"(anonymous_20)","decl":{"start":{"line":170,"column":58},"end":{"line":170,"column":59}},"loc":{"start":{"line":170,"column":65},"end":{"line":170,"column":87}},"line":170},"21":{"name":"(anonymous_21)","decl":{"start":{"line":181,"column":58},"end":{"line":181,"column":59}},"loc":{"start":{"line":181,"column":65},"end":{"line":181,"column":88}},"line":181},"22":{"name":"(anonymous_22)","decl":{"start":{"line":191,"column":13},"end":{"line":191,"column":14}},"loc":{"start":{"line":192,"column":14},"end":{"line":199,"column":16}},"line":192},"23":{"name":"(anonymous_23)","decl":{"start":{"line":196,"column":45},"end":{"line":196,"column":46}},"loc":{"start":{"line":196,"column":55},"end":{"line":196,"column":68}},"line":196},"24":{"name":"(anonymous_24)","decl":{"start":{"line":197,"column":54},"end":{"line":197,"column":55}},"loc":{"start":{"line":197,"column":64},"end":{"line":197,"column":89}},"line":197}},"branchMap":{"0":{"loc":{"start":{"line":78,"column":31},"end":{"line":78,"column":49}},"type":"binary-expr","locations":[{"start":{"line":78,"column":31},"end":{"line":78,"column":44}},{"start":{"line":78,"column":48},"end":{"line":78,"column":49}}],"line":78},"1":{"loc":{"start":{"line":82,"column":31},"end":{"line":82,"column":52}},"type":"binary-expr","locations":[{"start":{"line":82,"column":31},"end":{"line":82,"column":47}},{"start":{"line":82,"column":51},"end":{"line":82,"column":52}}],"line":82},"2":{"loc":{"start":{"line":86,"column":31},"end":{"line":86,"column":50}},"type":"binary-expr","locations":[{"start":{"line":86,"column":31},"end":{"line":86,"column":45}},{"start":{"line":86,"column":49},"end":{"line":86,"column":50}}],"line":86},"3":{"loc":{"start":{"line":90,"column":31},"end":{"line":90,"column":53}},"type":"binary-expr","locations":[{"start":{"line":90,"column":31},"end":{"line":90,"column":48}},{"start":{"line":90,"column":52},"end":{"line":90,"column":53}}],"line":90},"4":{"loc":{"start":{"line":111,"column":24},"end":{"line":111,"column":51}},"type":"cond-expr","locations":[{"start":{"line":111,"column":44},"end":{"line":111,"column":47}},{"start":{"line":111,"column":50},"end":{"line":111,"column":51}}],"line":111},"5":{"loc":{"start":{"line":126,"column":27},"end":{"line":126,"column":60}},"type":"cond-expr","locations":[{"start":{"line":126,"column":55},"end":{"line":126,"column":56}},{"start":{"line":126,"column":59},"end":{"line":126,"column":60}}],"line":126},"6":{"loc":{"start":{"line":137,"column":46},"end":{"line":137,"column":84}},"type":"cond-expr","locations":[{"start":{"line":137,"column":66},"end":{"line":137,"column":72}},{"start":{"line":137,"column":75},"end":{"line":137,"column":84}}],"line":137},"7":{"loc":{"start":{"line":190,"column":46},"end":{"line":190,"column":84}},"type":"cond-expr","locations":[{"start":{"line":190,"column":66},"end":{"line":190,"column":72}},{"start":{"line":190,"column":75},"end":{"line":190,"column":84}}],"line":190}},"s":{"0":3,"1":3,"2":3,"3":3,"4":36,"5":3,"6":3,"7":93,"8":7,"9":0,"10":1,"11":1,"12":1,"13":26,"14":18,"15":9,"16":39,"17":8,"18":8,"19":8,"20":8,"21":8,"22":0,"23":0,"24":8,"25":8,"26":5,"27":3,"28":21,"29":21,"30":5,"31":17,"32":17,"33":3,"34":21,"35":21},"f":{"0":36,"1":7,"2":0,"3":1,"4":26,"5":18,"6":9,"7":39,"8":8,"9":8,"10":8,"11":8,"12":8,"13":0,"14":8,"15":5,"16":3,"17":21,"18":21,"19":5,"20":17,"21":17,"22":3,"23":21,"24":21},"b":{"0":[8,8],"1":[8,0],"2":[8,8],"3":[8,0],"4":[0,0],"5":[8,0],"6":[0,8],"7":[0,8]},"_coverageSchema":"332fd63041d2c1bcb487cc26dd0d5f7d97098a6c","hash":"decb27ab42c3c74c35108ce2b0fbe92195f4e863"}
,"/Users/jacktan/Documents/git/incognito-record-ui/src/calendar/index.js": {"path":"/Users/jacktan/Documents/git/incognito-record-ui/src/calendar/index.js","statementMap":{},"fnMap":{},"branchMap":{},"s":{},"f":{},"b":{},"_coverageSchema":"332fd63041d2c1bcb487cc26dd0d5f7d97098a6c","hash":"186249636378c8d09a47afef511683658c41669d"}
,"/Users/jacktan/Documents/git/incognito-record-ui/src/categories/Categories.js": {"path":"/Users/jacktan/Documents/git/incognito-record-ui/src/categories/Categories.js","statementMap":{"0":{"start":{"line":11,"column":12},"end":{"line":11,"column":45}},"1":{"start":{"line":13,"column":18},"end":{"line":29,"column":2}},"2":{"start":{"line":21,"column":4},"end":{"line":21,"column":21}},"3":{"start":{"line":22,"column":4},"end":{"line":27,"column":7}},"4":{"start":{"line":31,"column":16},"end":{"line":49,"column":2}},"5":{"start":{"line":33,"column":4},"end":{"line":33,"column":21}},"6":{"start":{"line":34,"column":4},"end":{"line":40,"column":7}},"7":{"start":{"line":57,"column":4},"end":{"line":57,"column":36}},"8":{"start":{"line":61,"column":4},"end":{"line":61,"column":37}},"9":{"start":{"line":65,"column":27},"end":{"line":65,"column":37}},"10":{"start":{"line":67,"column":4},"end":{"line":103,"column":6}},"11":{"start":{"line":71,"column":12},"end":{"line":99,"column":27}},"12":{"start":{"line":75,"column":63},"end":{"line":75,"column":82}},"13":{"start":{"line":84,"column":49},"end":{"line":84,"column":61}},"14":{"start":{"line":87,"column":44},"end":{"line":97,"column":17}},"15":{"start":{"line":88,"column":18},"end":{"line":96,"column":33}},"16":{"start":{"line":92,"column":67},"end":{"line":92,"column":86}}},"fnMap":{"0":{"name":"(anonymous_0)","decl":{"start":{"line":20,"column":8},"end":{"line":20,"column":9}},"loc":{"start":{"line":20,"column":22},"end":{"line":28,"column":3}},"line":20},"1":{"name":"(anonymous_1)","decl":{"start":{"line":32,"column":8},"end":{"line":32,"column":9}},"loc":{"start":{"line":32,"column":22},"end":{"line":41,"column":3}},"line":32},"2":{"name":"(anonymous_2)","decl":{"start":{"line":56,"column":21},"end":{"line":56,"column":22}},"loc":{"start":{"line":56,"column":27},"end":{"line":58,"column":3}},"line":56},"3":{"name":"(anonymous_3)","decl":{"start":{"line":60,"column":21},"end":{"line":60,"column":22}},"loc":{"start":{"line":60,"column":27},"end":{"line":62,"column":3}},"line":60},"4":{"name":"(anonymous_4)","decl":{"start":{"line":64,"column":2},"end":{"line":64,"column":3}},"loc":{"start":{"line":64,"column":11},"end":{"line":104,"column":3}},"line":64},"5":{"name":"(anonymous_5)","decl":{"start":{"line":70,"column":11},"end":{"line":70,"column":12}},"loc":{"start":{"line":71,"column":12},"end":{"line":99,"column":27}},"line":71},"6":{"name":"(anonymous_6)","decl":{"start":{"line":75,"column":58},"end":{"line":75,"column":59}},"loc":{"start":{"line":75,"column":63},"end":{"line":75,"column":82}},"line":75},"7":{"name":"(anonymous_7)","decl":{"start":{"line":84,"column":37},"end":{"line":84,"column":38}},"loc":{"start":{"line":84,"column":49},"end":{"line":84,"column":61}},"line":84},"8":{"name":"(anonymous_8)","decl":{"start":{"line":87,"column":32},"end":{"line":87,"column":33}},"loc":{"start":{"line":87,"column":44},"end":{"line":97,"column":17}},"line":87},"9":{"name":"(anonymous_9)","decl":{"start":{"line":87,"column":44},"end":{"line":87,"column":45}},"loc":{"start":{"line":88,"column":18},"end":{"line":96,"column":33}},"line":88},"10":{"name":"(anonymous_10)","decl":{"start":{"line":92,"column":62},"end":{"line":92,"column":63}},"loc":{"start":{"line":92,"column":67},"end":{"line":92,"column":86}},"line":92}},"branchMap":{"0":{"loc":{"start":{"line":69,"column":33},"end":{"line":69,"column":68}},"type":"cond-expr","locations":[{"start":{"line":69,"column":53},"end":{"line":69,"column":59}},{"start":{"line":69,"column":62},"end":{"line":69,"column":68}}],"line":69},"1":{"loc":{"start":{"line":85,"column":23},"end":{"line":85,"column":58}},"type":"cond-expr","locations":[{"start":{"line":85,"column":43},"end":{"line":85,"column":49}},{"start":{"line":85,"column":52},"end":{"line":85,"column":58}}],"line":85}},"s":{"0":3,"1":3,"2":2,"3":1,"4":3,"5":1,"6":1,"7":1,"8":0,"9":3,"10":3,"11":1,"12":5,"13":2,"14":2,"15":2,"16":6},"f":{"0":2,"1":1,"2":1,"3":0,"4":3,"5":1,"6":5,"7":2,"8":2,"9":2,"10":6},"b":{"0":[1,2],"1":[1,0]},"_coverageSchema":"332fd63041d2c1bcb487cc26dd0d5f7d97098a6c","hash":"29f9181082eb128a8a78fa9d89eb74c51525b053"}
,"/Users/jacktan/Documents/git/incognito-record-ui/src/categories/Categories.messages.js": {"path":"/Users/jacktan/Documents/git/incognito-record-ui/src/categories/Categories.messages.js","statementMap":{},"fnMap":{},"branchMap":{},"s":{},"f":{},"b":{},"_coverageSchema":"332fd63041d2c1bcb487cc26dd0d5f7d97098a6c","hash":"6c14434822b0a41ff0f457094deaaba454173dc5"}
,"/Users/jacktan/Documents/git/incognito-record-ui/src/categories/index.js": {"path":"/Users/jacktan/Documents/git/incognito-record-ui/src/categories/index.js","statementMap":{},"fnMap":{},"branchMap":{},"s":{},"f":{},"b":{},"_coverageSchema":"332fd63041d2c1bcb487cc26dd0d5f7d97098a6c","hash":"0ba5f05d202b7350939fc91087f72fa32adef760"}
,"/Users/jacktan/Documents/git/incognito-record-ui/src/config/routes.js": {"path":"/Users/jacktan/Documents/git/incognito-record-ui/src/config/routes.js","statementMap":{},"fnMap":{},"branchMap":{},"s":{},"f":{},"b":{},"_coverageSchema":"332fd63041d2c1bcb487cc26dd0d5f7d97098a6c","hash":"293d6bc43492f6f7d57f2dcb40a67645c89c78ad"}
,"/Users/jacktan/Documents/git/incognito-record-ui/src/content/Content.js": {"path":"/Users/jacktan/Documents/git/incognito-record-ui/src/content/Content.js","statementMap":{"0":{"start":{"line":6,"column":12},"end":{"line":6,"column":42}},"1":{"start":{"line":8,"column":16},"end":{"line":17,"column":1}},"2":{"start":{"line":9,"column":2},"end":{"line":16,"column":8}}},"fnMap":{"0":{"name":"(anonymous_0)","decl":{"start":{"line":8,"column":16},"end":{"line":8,"column":17}},"loc":{"start":{"line":9,"column":2},"end":{"line":16,"column":8}},"line":9}},"branchMap":{"0":{"loc":{"start":{"line":11,"column":34},"end":{"line":11,"column":72}},"type":"cond-expr","locations":[{"start":{"line":11,"column":51},"end":{"line":11,"column":67}},{"start":{"line":11,"column":70},"end":{"line":11,"column":72}}],"line":11}},"s":{"0":2,"1":2,"2":1},"f":{"0":1},"b":{"0":[1,0]},"_coverageSchema":"332fd63041d2c1bcb487cc26dd0d5f7d97098a6c","hash":"0c8e70d19a67af32f3479edaace420701f1bd781"}
,"/Users/jacktan/Documents/git/incognito-record-ui/src/content/index.js": {"path":"/Users/jacktan/Documents/git/incognito-record-ui/src/content/index.js","statementMap":{},"fnMap":{},"branchMap":{},"s":{},"f":{},"b":{},"_coverageSchema":"332fd63041d2c1bcb487cc26dd0d5f7d97098a6c","hash":"144281fab1853a06b00d32fb632872af039fa85e"}
,"/Users/jacktan/Documents/git/incognito-record-ui/src/digitalClock/DigitalClock.js": {"path":"/Users/jacktan/Documents/git/incognito-record-ui/src/digitalClock/DigitalClock.js","statementMap":{"0":{"start":{"line":7,"column":12},"end":{"line":7,"column":47}},"1":{"start":{"line":11,"column":4},"end":{"line":11,"column":42}},"2":{"start":{"line":15,"column":4},"end":{"line":15,"column":49}},"3":{"start":{"line":19,"column":4},"end":{"line":19,"column":42}},"4":{"start":{"line":23,"column":4},"end":{"line":35,"column":6}}},"fnMap":{"0":{"name":"(anonymous_0)","decl":{"start":{"line":10,"column":2},"end":{"line":10,"column":3}},"loc":{"start":{"line":10,"column":20},"end":{"line":12,"column":3}},"line":10},"1":{"name":"(anonymous_1)","decl":{"start":{"line":14,"column":2},"end":{"line":14,"column":3}},"loc":{"start":{"line":14,"column":21},"end":{"line":16,"column":3}},"line":14},"2":{"name":"(anonymous_2)","decl":{"start":{"line":18,"column":2},"end":{"line":18,"column":3}},"loc":{"start":{"line":18,"column":20},"end":{"line":20,"column":3}},"line":18},"3":{"name":"(anonymous_3)","decl":{"start":{"line":22,"column":2},"end":{"line":22,"column":3}},"loc":{"start":{"line":22,"column":11},"end":{"line":36,"column":3}},"line":22}},"branchMap":{},"s":{"0":3,"1":7,"2":7,"3":7,"4":3},"f":{"0":7,"1":7,"2":7,"3":3},"b":{},"_coverageSchema":"332fd63041d2c1bcb487cc26dd0d5f7d97098a6c","hash":"3d18d3ec5e020209c4c28f7e312d3f1b0ed95871"}
,"/Users/jacktan/Documents/git/incognito-record-ui/src/digitalClock/index.js": {"path":"/Users/jacktan/Documents/git/incognito-record-ui/src/digitalClock/index.js","statementMap":{},"fnMap":{},"branchMap":{},"s":{},"f":{},"b":{},"_coverageSchema":"332fd63041d2c1bcb487cc26dd0d5f7d97098a6c","hash":"56578edb213d1db26da6b6eb4aaf1ff6299037e8"}
,"/Users/jacktan/Documents/git/incognito-record-ui/src/footer/Footer.js": {"path":"/Users/jacktan/Documents/git/incognito-record-ui/src/footer/Footer.js","statementMap":{"0":{"start":{"line":8,"column":12},"end":{"line":8,"column":41}},"1":{"start":{"line":10,"column":15},"end":{"line":14,"column":1}},"2":{"start":{"line":11,"column":2},"end":{"line":13,"column":8}}},"fnMap":{"0":{"name":"(anonymous_0)","decl":{"start":{"line":10,"column":15},"end":{"line":10,"column":16}},"loc":{"start":{"line":11,"column":2},"end":{"line":13,"column":8}},"line":11}},"branchMap":{},"s":{"0":1,"1":1,"2":2},"f":{"0":2},"b":{},"_coverageSchema":"332fd63041d2c1bcb487cc26dd0d5f7d97098a6c","hash":"c14859ebfa530315019f103c1b839b428837f98f"}
,"/Users/jacktan/Documents/git/incognito-record-ui/src/footer/index.js": {"path":"/Users/jacktan/Documents/git/incognito-record-ui/src/footer/index.js","statementMap":{},"fnMap":{},"branchMap":{},"s":{},"f":{},"b":{},"_coverageSchema":"332fd63041d2c1bcb487cc26dd0d5f7d97098a6c","hash":"54b423e6006bcebc46c1785cf8e51ae20474ef5f"}
,"/Users/jacktan/Documents/git/incognito-record-ui/src/footer/timer/Timer.js": {"path":"/Users/jacktan/Documents/git/incognito-record-ui/src/footer/timer/Timer.js","statementMap":{"0":{"start":{"line":7,"column":12},"end":{"line":7,"column":40}},"1":{"start":{"line":15,"column":32},"end":{"line":15,"column":42}},"2":{"start":{"line":17,"column":4},"end":{"line":17,"column":38}},"3":{"start":{"line":21,"column":4},"end":{"line":21,"column":35}},"4":{"start":{"line":27,"column":17},"end":{"line":27,"column":65}},"5":{"start":{"line":29,"column":4},"end":{"line":31,"column":13}},"6":{"start":{"line":30,"column":6},"end":{"line":30,"column":66}},"7":{"start":{"line":35,"column":4},"end":{"line":44,"column":6}},"8":{"start":{"line":39,"column":12},"end":{"line":41,"column":18}}},"fnMap":{"0":{"name":"(anonymous_0)","decl":{"start":{"line":14,"column":2},"end":{"line":14,"column":3}},"loc":{"start":{"line":14,"column":22},"end":{"line":18,"column":3}},"line":14},"1":{"name":"(anonymous_1)","decl":{"start":{"line":20,"column":2},"end":{"line":20,"column":3}},"loc":{"start":{"line":20,"column":25},"end":{"line":22,"column":3}},"line":20},"2":{"name":"(anonymous_2)","decl":{"start":{"line":26,"column":2},"end":{"line":26,"column":3}},"loc":{"start":{"line":26,"column":44},"end":{"line":32,"column":3}},"line":26},"3":{"name":"(anonymous_3)","decl":{"start":{"line":29,"column":34},"end":{"line":29,"column":35}},"loc":{"start":{"line":29,"column":40},"end":{"line":31,"column":5}},"line":29},"4":{"name":"(anonymous_4)","decl":{"start":{"line":34,"column":2},"end":{"line":34,"column":3}},"loc":{"start":{"line":34,"column":11},"end":{"line":45,"column":3}},"line":34},"5":{"name":"(anonymous_5)","decl":{"start":{"line":38,"column":11},"end":{"line":38,"column":12}},"loc":{"start":{"line":39,"column":12},"end":{"line":41,"column":18}},"line":39}},"branchMap":{"0":{"loc":{"start":{"line":26,"column":14},"end":{"line":26,"column":42}},"type":"default-arg","locations":[{"start":{"line":26,"column":32},"end":{"line":26,"column":42}}],"line":26},"1":{"loc":{"start":{"line":37,"column":9},"end":{"line":42,"column":12}},"type":"binary-expr","locations":[{"start":{"line":37,"column":9},"end":{"line":37,"column":31}},{"start":{"line":38,"column":11},"end":{"line":42,"column":11}}],"line":37}},"s":{"0":2,"1":3,"2":3,"3":0,"4":3,"5":3,"6":0,"7":3,"8":0},"f":{"0":3,"1":0,"2":3,"3":0,"4":3,"5":0},"b":{"0":[2],"1":[3,0]},"_coverageSchema":"332fd63041d2c1bcb487cc26dd0d5f7d97098a6c","hash":"29b8598b9d7c4711e6f5d7d765647f4ce92668d7"}
,"/Users/jacktan/Documents/git/incognito-record-ui/src/footer/timer/index.js": {"path":"/Users/jacktan/Documents/git/incognito-record-ui/src/footer/timer/index.js","statementMap":{},"fnMap":{},"branchMap":{},"s":{},"f":{},"b":{},"_coverageSchema":"332fd63041d2c1bcb487cc26dd0d5f7d97098a6c","hash":"3bd4c344361fc62a12df7f18a8351af062f53bb4"}
,"/Users/jacktan/Documents/git/incognito-record-ui/src/header/Header.js": {"path":"/Users/jacktan/Documents/git/incognito-record-ui/src/header/Header.js","statementMap":{"0":{"start":{"line":10,"column":12},"end":{"line":10,"column":41}},"1":{"start":{"line":12,"column":15},"end":{"line":41,"column":1}},"2":{"start":{"line":13,"column":2},"end":{"line":40,"column":11}}},"fnMap":{"0":{"name":"(anonymous_0)","decl":{"start":{"line":12,"column":15},"end":{"line":12,"column":16}},"loc":{"start":{"line":13,"column":2},"end":{"line":40,"column":11}},"line":13}},"branchMap":{"0":{"loc":{"start":{"line":18,"column":5},"end":{"line":39,"column":5}},"type":"binary-expr","locations":[{"start":{"line":18,"column":5},"end":{"line":18,"column":15}},{"start":{"line":19,"column":6},"end":{"line":38,"column":23}}],"line":18}},"s":{"0":2,"1":2,"2":4},"f":{"0":4},"b":{"0":[4,2]},"_coverageSchema":"332fd63041d2c1bcb487cc26dd0d5f7d97098a6c","hash":"251e8f513d789a27d2c3e1e0e2d0f38b0787fdd1"}
,"/Users/jacktan/Documents/git/incognito-record-ui/src/header/index.js": {"path":"/Users/jacktan/Documents/git/incognito-record-ui/src/header/index.js","statementMap":{},"fnMap":{},"branchMap":{},"s":{},"f":{},"b":{},"_coverageSchema":"332fd63041d2c1bcb487cc26dd0d5f7d97098a6c","hash":"64b24b7d61d3bde16f2888dbc86fd52f16439691"}
,"/Users/jacktan/Documents/git/incognito-record-ui/src/header/navicon/index.js": {"path":"/Users/jacktan/Documents/git/incognito-record-ui/src/header/navicon/index.js","statementMap":{},"fnMap":{},"branchMap":{},"s":{},"f":{},"b":{},"_coverageSchema":"332fd63041d2c1bcb487cc26dd0d5f7d97098a6c","hash":"7af28ab6e2c35c00505af62d59f682a25348f6d0"}
,"/Users/jacktan/Documents/git/incognito-record-ui/src/header/navicon/navicon.js": {"path":"/Users/jacktan/Documents/git/incognito-record-ui/src/header/navicon/navicon.js","statementMap":{"0":{"start":{"line":6,"column":12},"end":{"line":6,"column":42}},"1":{"start":{"line":8,"column":16},"end":{"line":8,"column":47}},"2":{"start":{"line":8,"column":22},"end":{"line":8,"column":47}}},"fnMap":{"0":{"name":"(anonymous_0)","decl":{"start":{"line":8,"column":16},"end":{"line":8,"column":17}},"loc":{"start":{"line":8,"column":22},"end":{"line":8,"column":47}},"line":8}},"branchMap":{},"s":{"0":2,"1":2,"2":1},"f":{"0":1},"b":{},"_coverageSchema":"332fd63041d2c1bcb487cc26dd0d5f7d97098a6c","hash":"011b80d01f8a2426379aaeb738b14095f898f6b7"}
,"/Users/jacktan/Documents/git/incognito-record-ui/src/header/navigation/Navigation.js": {"path":"/Users/jacktan/Documents/git/incognito-record-ui/src/header/navigation/Navigation.js","statementMap":{"0":{"start":{"line":10,"column":12},"end":{"line":10,"column":45}},"1":{"start":{"line":12,"column":19},"end":{"line":27,"column":1}},"2":{"start":{"line":13,"column":2},"end":{"line":26,"column":8}}},"fnMap":{"0":{"name":"(anonymous_0)","decl":{"start":{"line":12,"column":19},"end":{"line":12,"column":20}},"loc":{"start":{"line":13,"column":2},"end":{"line":26,"column":8}},"line":13}},"branchMap":{},"s":{"0":2,"1":2,"2":2},"f":{"0":2},"b":{},"_coverageSchema":"332fd63041d2c1bcb487cc26dd0d5f7d97098a6c","hash":"98edce8618dc3c90a58e70a1325bbaccf4709206"}
,"/Users/jacktan/Documents/git/incognito-record-ui/src/header/navigation/Navigation.messages.js": {"path":"/Users/jacktan/Documents/git/incognito-record-ui/src/header/navigation/Navigation.messages.js","statementMap":{},"fnMap":{},"branchMap":{},"s":{},"f":{},"b":{},"_coverageSchema":"332fd63041d2c1bcb487cc26dd0d5f7d97098a6c","hash":"7063878b49bded84744384cfc731b810053d00b5"}
,"/Users/jacktan/Documents/git/incognito-record-ui/src/header/navigation/index.js": {"path":"/Users/jacktan/Documents/git/incognito-record-ui/src/header/navigation/index.js","statementMap":{},"fnMap":{},"branchMap":{},"s":{},"f":{},"b":{},"_coverageSchema":"332fd63041d2c1bcb487cc26dd0d5f7d97098a6c","hash":"010dfbc16f7390a2f6e16671992da4d0f53cb99d"}
,"/Users/jacktan/Documents/git/incognito-record-ui/src/page/about/About.js": {"path":"/Users/jacktan/Documents/git/incognito-record-ui/src/page/about/About.js","statementMap":{"0":{"start":{"line":8,"column":12},"end":{"line":8,"column":40}},"1":{"start":{"line":16,"column":4},"end":{"line":25,"column":7}},"2":{"start":{"line":17,"column":6},"end":{"line":24,"column":9}},"3":{"start":{"line":18,"column":54},"end":{"line":18,"column":59}},"4":{"start":{"line":21,"column":8},"end":{"line":23,"column":9}},"5":{"start":{"line":22,"column":10},"end":{"line":22,"column":91}},"6":{"start":{"line":29,"column":4},"end":{"line":29,"column":31}},"7":{"start":{"line":30,"column":4},"end":{"line":30,"column":25}},"8":{"start":{"line":33,"column":27},"end":{"line":33,"column":95}},"9":{"start":{"line":36,"column":21},"end":{"line":36,"column":23}},"10":{"start":{"line":37,"column":4},"end":{"line":49,"column":5}},"11":{"start":{"line":38,"column":6},"end":{"line":48,"column":8}},"12":{"start":{"line":51,"column":4},"end":{"line":59,"column":6}},"13":{"start":{"line":54,"column":10},"end":{"line":56,"column":25}}},"fnMap":{"0":{"name":"(anonymous_0)","decl":{"start":{"line":15,"column":2},"end":{"line":15,"column":3}},"loc":{"start":{"line":15,"column":22},"end":{"line":26,"column":3}},"line":15},"1":{"name":"(anonymous_1)","decl":{"start":{"line":16,"column":52},"end":{"line":16,"column":53}},"loc":{"start":{"line":16,"column":63},"end":{"line":25,"column":5}},"line":16},"2":{"name":"(anonymous_2)","decl":{"start":{"line":17,"column":22},"end":{"line":17,"column":23}},"loc":{"start":{"line":17,"column":31},"end":{"line":24,"column":7}},"line":17},"3":{"name":"(anonymous_3)","decl":{"start":{"line":28,"column":2},"end":{"line":28,"column":3}},"loc":{"start":{"line":28,"column":25},"end":{"line":31,"column":3}},"line":28},"4":{"name":"(anonymous_4)","decl":{"start":{"line":33,"column":20},"end":{"line":33,"column":21}},"loc":{"start":{"line":33,"column":27},"end":{"line":33,"column":95}},"line":33},"5":{"name":"(anonymous_5)","decl":{"start":{"line":35,"column":2},"end":{"line":35,"column":3}},"loc":{"start":{"line":35,"column":11},"end":{"line":60,"column":3}},"line":35},"6":{"name":"(anonymous_6)","decl":{"start":{"line":53,"column":9},"end":{"line":53,"column":10}},"loc":{"start":{"line":54,"column":10},"end":{"line":56,"column":25}},"line":54}},"branchMap":{"0":{"loc":{"start":{"line":21,"column":8},"end":{"line":23,"column":9}},"type":"if","locations":[{"start":{"line":21,"column":8},"end":{"line":23,"column":9}},{"start":{"line":21,"column":8},"end":{"line":23,"column":9}}],"line":21},"1":{"loc":{"start":{"line":21,"column":12},"end":{"line":21,"column":51}},"type":"binary-expr","locations":[{"start":{"line":21,"column":12},"end":{"line":21,"column":26}},{"start":{"line":21,"column":30},"end":{"line":21,"column":51}}],"line":21},"2":{"loc":{"start":{"line":33,"column":27},"end":{"line":33,"column":95}},"type":"binary-expr","locations":[{"start":{"line":33,"column":27},"end":{"line":33,"column":49}},{"start":{"line":33,"column":53},"end":{"line":33,"column":65}},{"start":{"line":33,"column":69},"end":{"line":33,"column":95}}],"line":33}},"s":{"0":1,"1":0,"2":0,"3":0,"4":0,"5":0,"6":0,"7":0,"8":0,"9":0,"10":0,"11":0,"12":0,"13":0},"f":{"0":0,"1":0,"2":0,"3":0,"4":0,"5":0,"6":0},"b":{"0":[0,0],"1":[0,0],"2":[0,0,0]},"_coverageSchema":"332fd63041d2c1bcb487cc26dd0d5f7d97098a6c","hash":"aca4d5048f8312fb8090dd1a268a533adcb29e6b"}
,"/Users/jacktan/Documents/git/incognito-record-ui/src/page/about/index.js": {"path":"/Users/jacktan/Documents/git/incognito-record-ui/src/page/about/index.js","statementMap":{},"fnMap":{},"branchMap":{},"s":{},"f":{},"b":{},"_coverageSchema":"332fd63041d2c1bcb487cc26dd0d5f7d97098a6c","hash":"ad5a14999e34574fade6d23d1bd3630502de8065"}
,"/Users/jacktan/Documents/git/incognito-record-ui/src/page/blog/Blog.js": {"path":"/Users/jacktan/Documents/git/incognito-record-ui/src/page/blog/Blog.js","statementMap":{"0":{"start":{"line":17,"column":12},"end":{"line":17,"column":39}},"1":{"start":{"line":54,"column":4},"end":{"line":54,"column":60}},"2":{"start":{"line":54,"column":21},"end":{"line":54,"column":52}},"3":{"start":{"line":57,"column":37},"end":{"line":57,"column":67}},"4":{"start":{"line":60,"column":4},"end":{"line":83,"column":13}},"5":{"start":{"line":61,"column":6},"end":{"line":82,"column":9}},"6":{"start":{"line":89,"column":4},"end":{"line":150,"column":6}},"7":{"start":{"line":115,"column":14},"end":{"line":142,"column":29}},"8":{"start":{"line":130,"column":20},"end":{"line":139,"column":22}}},"fnMap":{"0":{"name":"(anonymous_0)","decl":{"start":{"line":53,"column":2},"end":{"line":53,"column":3}},"loc":{"start":{"line":53,"column":22},"end":{"line":55,"column":3}},"line":53},"1":{"name":"(anonymous_1)","decl":{"start":{"line":54,"column":15},"end":{"line":54,"column":16}},"loc":{"start":{"line":54,"column":21},"end":{"line":54,"column":52}},"line":54},"2":{"name":"(anonymous_2)","decl":{"start":{"line":57,"column":16},"end":{"line":57,"column":17}},"loc":{"start":{"line":57,"column":37},"end":{"line":57,"column":67}},"line":57},"3":{"name":"(anonymous_3)","decl":{"start":{"line":59,"column":18},"end":{"line":59,"column":19}},"loc":{"start":{"line":59,"column":24},"end":{"line":84,"column":3}},"line":59},"4":{"name":"(anonymous_4)","decl":{"start":{"line":60,"column":15},"end":{"line":60,"column":16}},"loc":{"start":{"line":60,"column":21},"end":{"line":83,"column":5}},"line":60},"5":{"name":"(anonymous_5)","decl":{"start":{"line":88,"column":2},"end":{"line":88,"column":3}},"loc":{"start":{"line":88,"column":11},"end":{"line":151,"column":3}},"line":88},"6":{"name":"(anonymous_6)","decl":{"start":{"line":114,"column":13},"end":{"line":114,"column":14}},"loc":{"start":{"line":115,"column":14},"end":{"line":142,"column":29}},"line":115},"7":{"name":"(anonymous_7)","decl":{"start":{"line":129,"column":40},"end":{"line":129,"column":41}},"loc":{"start":{"line":130,"column":20},"end":{"line":139,"column":22}},"line":130}},"branchMap":{"0":{"loc":{"start":{"line":98,"column":11},"end":{"line":106,"column":11}},"type":"cond-expr","locations":[{"start":{"line":99,"column":12},"end":{"line":101,"column":22}},{"start":{"line":103,"column":12},"end":{"line":105,"column":18}}],"line":98},"1":{"loc":{"start":{"line":111,"column":23},"end":{"line":111,"column":48}},"type":"cond-expr","locations":[{"start":{"line":111,"column":43},"end":{"line":111,"column":44}},{"start":{"line":111,"column":47},"end":{"line":111,"column":48}}],"line":111},"2":{"loc":{"start":{"line":115,"column":52},"end":{"line":115,"column":86}},"type":"cond-expr","locations":[{"start":{"line":115,"column":72},"end":{"line":115,"column":74}},{"start":{"line":115,"column":77},"end":{"line":115,"column":86}}],"line":115}},"s":{"0":2,"1":3,"2":0,"3":1,"4":0,"5":0,"6":4,"7":5,"8":20},"f":{"0":3,"1":0,"2":1,"3":0,"4":0,"5":4,"6":5,"7":20},"b":{"0":[4,0],"1":[0,4],"2":[0,5]},"_coverageSchema":"332fd63041d2c1bcb487cc26dd0d5f7d97098a6c","hash":"5b1002a7400cb2c8ce47b92df40f977e967eb515"}
,"/Users/jacktan/Documents/git/incognito-record-ui/src/page/blog/Blog.messages.js": {"path":"/Users/jacktan/Documents/git/incognito-record-ui/src/page/blog/Blog.messages.js","statementMap":{},"fnMap":{},"branchMap":{},"s":{},"f":{},"b":{},"_coverageSchema":"332fd63041d2c1bcb487cc26dd0d5f7d97098a6c","hash":"1ce6d7b203e136fb8883ba869d869bbc0865c382"}
,"/Users/jacktan/Documents/git/incognito-record-ui/src/page/blog/index.js": {"path":"/Users/jacktan/Documents/git/incognito-record-ui/src/page/blog/index.js","statementMap":{},"fnMap":{},"branchMap":{},"s":{},"f":{},"b":{},"_coverageSchema":"332fd63041d2c1bcb487cc26dd0d5f7d97098a6c","hash":"791b58327fcdabf3397426a5b74a72ba6ec3c001"}
,"/Users/jacktan/Documents/git/incognito-record-ui/src/page/root/Root.js": {"path":"/Users/jacktan/Documents/git/incognito-record-ui/src/page/root/Root.js","statementMap":{"0":{"start":{"line":12,"column":12},"end":{"line":12,"column":39}},"1":{"start":{"line":14,"column":13},"end":{"line":30,"column":1}},"2":{"start":{"line":15,"column":21},"end":{"line":15,"column":63}},"3":{"start":{"line":17,"column":2},"end":{"line":29,"column":4}}},"fnMap":{"0":{"name":"(anonymous_0)","decl":{"start":{"line":14,"column":13},"end":{"line":14,"column":14}},"loc":{"start":{"line":14,"column":30},"end":{"line":30,"column":1}},"line":14}},"branchMap":{},"s":{"0":1,"1":1,"2":2,"3":2},"f":{"0":2},"b":{},"_coverageSchema":"332fd63041d2c1bcb487cc26dd0d5f7d97098a6c","hash":"f3e9946de0b188b2366229074a94e9bf3731f172"}
,"/Users/jacktan/Documents/git/incognito-record-ui/src/page/root/intl/Intl.js": {"path":"/Users/jacktan/Documents/git/incognito-record-ui/src/page/root/intl/Intl.js","statementMap":{"0":{"start":{"line":6,"column":0},"end":{"line":6,"column":42}},"1":{"start":{"line":8,"column":17},"end":{"line":8,"column":19}},"2":{"start":{"line":11,"column":17},"end":{"line":11,"column":59}},"3":{"start":{"line":13,"column":17},"end":{"line":17,"column":1}},"4":{"start":{"line":14,"column":2},"end":{"line":16,"column":17}}},"fnMap":{"0":{"name":"(anonymous_0)","decl":{"start":{"line":13,"column":17},"end":{"line":13,"column":18}},"loc":{"start":{"line":14,"column":2},"end":{"line":16,"column":17}},"line":14}},"branchMap":{},"s":{"0":1,"1":1,"2":1,"3":1,"4":2},"f":{"0":2},"b":{},"_coverageSchema":"332fd63041d2c1bcb487cc26dd0d5f7d97098a6c","hash":"057e4a5343a1c33189f67dde523aeb423d859c8c"}
,"/Users/jacktan/Documents/git/incognito-record-ui/src/page/root/intl/index.js": {"path":"/Users/jacktan/Documents/git/incognito-record-ui/src/page/root/intl/index.js","statementMap":{},"fnMap":{},"branchMap":{},"s":{},"f":{},"b":{},"_coverageSchema":"332fd63041d2c1bcb487cc26dd0d5f7d97098a6c","hash":"3667a33d38b055873bc7154d2768af689f0f4e39"}
,"/Users/jacktan/Documents/git/incognito-record-ui/src/page/root/router/Router.js": {"path":"/Users/jacktan/Documents/git/incognito-record-ui/src/page/root/router/Router.js","statementMap":{"0":{"start":{"line":8,"column":15},"end":{"line":13,"column":1}},"1":{"start":{"line":9,"column":2},"end":{"line":12,"column":11}}},"fnMap":{"0":{"name":"(anonymous_0)","decl":{"start":{"line":8,"column":15},"end":{"line":8,"column":16}},"loc":{"start":{"line":9,"column":2},"end":{"line":12,"column":11}},"line":9}},"branchMap":{},"s":{"0":1,"1":2},"f":{"0":2},"b":{},"_coverageSchema":"332fd63041d2c1bcb487cc26dd0d5f7d97098a6c","hash":"174f020c216336d4dee4de8fc6e618e32469306c"}
,"/Users/jacktan/Documents/git/incognito-record-ui/src/page/root/router/index.js": {"path":"/Users/jacktan/Documents/git/incognito-record-ui/src/page/root/router/index.js","statementMap":{},"fnMap":{},"branchMap":{},"s":{},"f":{},"b":{},"_coverageSchema":"332fd63041d2c1bcb487cc26dd0d5f7d97098a6c","hash":"252b65d84f8388536aad17755e1904f6d9497f35"}
,"/Users/jacktan/Documents/git/incognito-record-ui/src/spinner/Spinner.js": {"path":"/Users/jacktan/Documents/git/incognito-record-ui/src/spinner/Spinner.js","statementMap":{"0":{"start":{"line":6,"column":12},"end":{"line":6,"column":42}},"1":{"start":{"line":8,"column":16},"end":{"line":8,"column":73}},"2":{"start":{"line":8,"column":34},"end":{"line":8,"column":73}}},"fnMap":{"0":{"name":"(anonymous_0)","decl":{"start":{"line":8,"column":16},"end":{"line":8,"column":17}},"loc":{"start":{"line":8,"column":34},"end":{"line":8,"column":73}},"line":8}},"branchMap":{},"s":{"0":2,"1":2,"2":4},"f":{"0":4},"b":{},"_coverageSchema":"332fd63041d2c1bcb487cc26dd0d5f7d97098a6c","hash":"0820f8d7d86dcba5316821deaf0fdda76c807f8b"}
,"/Users/jacktan/Documents/git/incognito-record-ui/src/spinner/index.js": {"path":"/Users/jacktan/Documents/git/incognito-record-ui/src/spinner/index.js","statementMap":{},"fnMap":{},"branchMap":{},"s":{},"f":{},"b":{},"_coverageSchema":"332fd63041d2c1bcb487cc26dd0d5f7d97098a6c","hash":"3284a0ee4fd2e9769d1847bbc1edf3e92301876f"}
,"/Users/jacktan/Documents/git/incognito-record-ui/src/ui/search/Search.js": {"path":"/Users/jacktan/Documents/git/incognito-record-ui/src/ui/search/Search.js","statementMap":{"0":{"start":{"line":7,"column":12},"end":{"line":7,"column":41}},"1":{"start":{"line":9,"column":15},"end":{"line":22,"column":1}},"2":{"start":{"line":10,"column":2},"end":{"line":21,"column":8}}},"fnMap":{"0":{"name":"(anonymous_0)","decl":{"start":{"line":9,"column":15},"end":{"line":9,"column":16}},"loc":{"start":{"line":10,"column":2},"end":{"line":21,"column":8}},"line":10}},"branchMap":{},"s":{"0":3,"1":3,"2":2},"f":{"0":2},"b":{},"_coverageSchema":"332fd63041d2c1bcb487cc26dd0d5f7d97098a6c","hash":"e28e42f75806495fba9c5659a5750a87b34009f1"}
,"/Users/jacktan/Documents/git/incognito-record-ui/src/ui/search/index.js": {"path":"/Users/jacktan/Documents/git/incognito-record-ui/src/ui/search/index.js","statementMap":{},"fnMap":{},"branchMap":{},"s":{},"f":{},"b":{},"_coverageSchema":"332fd63041d2c1bcb487cc26dd0d5f7d97098a6c","hash":"5ce61925467951f4b4d75b4e0e3313f1c46d7b2c"}
,"/Users/jacktan/Documents/git/incognito-record-ui/src/ui/textField/TextField.js": {"path":"/Users/jacktan/Documents/git/incognito-record-ui/src/ui/textField/TextField.js","statementMap":{"0":{"start":{"line":6,"column":12},"end":{"line":6,"column":44}},"1":{"start":{"line":8,"column":18},"end":{"line":22,"column":1}},"2":{"start":{"line":9,"column":21},"end":{"line":12,"column":3}},"3":{"start":{"line":14,"column":2},"end":{"line":21,"column":4}}},"fnMap":{"0":{"name":"(anonymous_0)","decl":{"start":{"line":8,"column":18},"end":{"line":8,"column":19}},"loc":{"start":{"line":8,"column":70},"end":{"line":22,"column":1}},"line":8}},"branchMap":{"0":{"loc":{"start":{"line":18,"column":46},"end":{"line":18,"column":68}},"type":"binary-expr","locations":[{"start":{"line":18,"column":46},"end":{"line":18,"column":62}},{"start":{"line":18,"column":66},"end":{"line":18,"column":68}}],"line":18}},"s":{"0":3,"1":3,"2":2,"3":2},"f":{"0":2},"b":{"0":[2,0]},"_coverageSchema":"332fd63041d2c1bcb487cc26dd0d5f7d97098a6c","hash":"94e3b2ad61ee1555085b018d744cdd9dd390be4d"}
,"/Users/jacktan/Documents/git/incognito-record-ui/src/ui/textField/index.js": {"path":"/Users/jacktan/Documents/git/incognito-record-ui/src/ui/textField/index.js","statementMap":{},"fnMap":{},"branchMap":{},"s":{},"f":{},"b":{},"_coverageSchema":"332fd63041d2c1bcb487cc26dd0d5f7d97098a6c","hash":"15c34fbc2faa763f90802fafbd90d24a654c5d94"}
,"/Users/jacktan/Documents/git/incognito-record-ui/src/util/createBem.js": {"path":"/Users/jacktan/Documents/git/incognito-record-ui/src/util/createBem.js","statementMap":{"0":{"start":{"line":1,"column":18},"end":{"line":13,"column":1}},"1":{"start":{"line":1,"column":27},"end":{"line":13,"column":1}},"2":{"start":{"line":2,"column":18},"end":{"line":2,"column":23}},"3":{"start":{"line":4,"column":2},"end":{"line":6,"column":3}},"4":{"start":{"line":5,"column":4},"end":{"line":5,"column":33}},"5":{"start":{"line":8,"column":2},"end":{"line":10,"column":3}},"6":{"start":{"line":9,"column":4},"end":{"line":9,"column":56}},"7":{"start":{"line":12,"column":2},"end":{"line":12,"column":19}}},"fnMap":{"0":{"name":"(anonymous_0)","decl":{"start":{"line":1,"column":18},"end":{"line":1,"column":19}},"loc":{"start":{"line":1,"column":27},"end":{"line":13,"column":1}},"line":1},"1":{"name":"(anonymous_1)","decl":{"start":{"line":1,"column":27},"end":{"line":1,"column":28}},"loc":{"start":{"line":1,"column":50},"end":{"line":13,"column":1}},"line":1}},"branchMap":{"0":{"loc":{"start":{"line":4,"column":2},"end":{"line":6,"column":3}},"type":"if","locations":[{"start":{"line":4,"column":2},"end":{"line":6,"column":3}},{"start":{"line":4,"column":2},"end":{"line":6,"column":3}}],"line":4},"1":{"loc":{"start":{"line":8,"column":2},"end":{"line":10,"column":3}},"type":"if","locations":[{"start":{"line":8,"column":2},"end":{"line":10,"column":3}},{"start":{"line":8,"column":2},"end":{"line":10,"column":3}}],"line":8}},"s":{"0":10,"1":38,"2":361,"3":361,"4":296,"5":361,"6":8,"7":361},"f":{"0":38,"1":361},"b":{"0":[296,65],"1":[8,353]},"_coverageSchema":"332fd63041d2c1bcb487cc26dd0d5f7d97098a6c","hash":"862c7a051837bebfbaed8f55c83a0ea4c53ae3e3"}
,"/Users/jacktan/Documents/git/incognito-record-ui/src/util/delay.js": {"path":"/Users/jacktan/Documents/git/incognito-record-ui/src/util/delay.js","statementMap":{"0":{"start":{"line":1,"column":14},"end":{"line":1,"column":67}},"1":{"start":{"line":1,"column":20},"end":{"line":1,"column":67}},"2":{"start":{"line":1,"column":43},"end":{"line":1,"column":66}}},"fnMap":{"0":{"name":"(anonymous_0)","decl":{"start":{"line":1,"column":14},"end":{"line":1,"column":15}},"loc":{"start":{"line":1,"column":20},"end":{"line":1,"column":67}},"line":1},"1":{"name":"(anonymous_1)","decl":{"start":{"line":1,"column":32},"end":{"line":1,"column":33}},"loc":{"start":{"line":1,"column":43},"end":{"line":1,"column":66}},"line":1}},"branchMap":{},"s":{"0":5,"1":3,"2":3},"f":{"0":3,"1":3},"b":{},"_coverageSchema":"332fd63041d2c1bcb487cc26dd0d5f7d97098a6c","hash":"c2b1459a475e4910a1438e5500f4539fd430ce8c"}
}
