TN:
SF:/Users/jacktan/Documents/git/incognito-record-ui/config/enzyme.config.js
FNF:0
FNH:0
DA:4,10
LF:1
LH:1
BRF:0
BRH:0
end_of_record
TN:
SF:/Users/jacktan/Documents/git/incognito-record-ui/src/blog/post/Post.js
FN:10,(anonymous_0)
FN:14,(anonymous_1)
FNF:2
FNH:2
FNDA:2,(anonymous_0)
FNDA:21,(anonymous_1)
DA:7,3
DA:11,2
DA:15,21
DA:17,21
LF:4
LH:4
BRF:0
BRH:0
end_of_record
TN:
SF:/Users/jacktan/Documents/git/incognito-record-ui/src/blog/post/index.js
FNF:0
FNH:0
LF:0
LH:0
BRF:0
BRH:0
end_of_record
TN:
SF:/Users/jacktan/Documents/git/incognito-record-ui/src/blog/postImage/PostImage.js
FN:19,(anonymous_0)
FN:21,(anonymous_1)
FN:25,(anonymous_2)
FNF:3
FNH:2
FNDA:0,(anonymous_0)
FNDA:6,(anonymous_1)
FNDA:6,(anonymous_2)
DA:7,3
DA:9,3
DA:19,0
DA:22,6
DA:23,6
DA:26,6
LF:6
LH:5
BRF:0
BRH:0
end_of_record
TN:
SF:/Users/jacktan/Documents/git/incognito-record-ui/src/blog/postImage/index.js
FNF:0
FNH:0
LF:0
LH:0
BRF:0
BRH:0
end_of_record
TN:
SF:/Users/jacktan/Documents/git/incognito-record-ui/src/calendar/Calendar.js
FN:27,(anonymous_0)
FN:47,(anonymous_1)
FN:48,(anonymous_2)
FN:53,(anonymous_3)
FN:59,(anonymous_4)
FN:65,(anonymous_5)
FN:69,(anonymous_6)
FN:73,(anonymous_7)
FN:77,(anonymous_8)
FN:81,(anonymous_9)
FN:85,(anonymous_10)
FN:89,(anonymous_11)
FN:93,(anonymous_12)
FN:106,(anonymous_13)
FN:119,(anonymous_14)
FN:130,(anonymous_15)
FN:138,(anonymous_16)
FN:143,(anonymous_17)
FN:144,(anonymous_18)
FN:163,(anonymous_19)
FN:170,(anonymous_20)
FN:181,(anonymous_21)
FN:191,(anonymous_22)
FN:196,(anonymous_23)
FN:197,(anonymous_24)
FNF:25
FNH:23
FNDA:36,(anonymous_0)
FNDA:7,(anonymous_1)
FNDA:0,(anonymous_2)
FNDA:1,(anonymous_3)
FNDA:26,(anonymous_4)
FNDA:18,(anonymous_5)
FNDA:9,(anonymous_6)
FNDA:39,(anonymous_7)
FNDA:8,(anonymous_8)
FNDA:8,(anonymous_9)
FNDA:8,(anonymous_10)
FNDA:8,(anonymous_11)
FNDA:8,(anonymous_12)
FNDA:0,(anonymous_13)
FNDA:8,(anonymous_14)
FNDA:5,(anonymous_15)
FNDA:3,(anonymous_16)
FNDA:21,(anonymous_17)
FNDA:21,(anonymous_18)
FNDA:5,(anonymous_19)
FNDA:17,(anonymous_20)
FNDA:17,(anonymous_21)
FNDA:3,(anonymous_22)
FNDA:21,(anonymous_23)
FNDA:21,(anonymous_24)
DA:9,3
DA:11,3
DA:13,3
DA:27,3
DA:28,36
DA:33,3
DA:34,3
DA:35,93
DA:48,7
DA:49,0
DA:54,1
DA:55,1
DA:56,1
DA:62,26
DA:66,18
DA:70,9
DA:74,39
DA:78,8
DA:82,8
DA:86,8
DA:90,8
DA:94,8
DA:107,0
DA:108,0
DA:120,8
DA:122,8
DA:131,5
DA:139,3
DA:143,21
DA:144,21
DA:164,5
DA:170,17
DA:181,17
DA:192,3
DA:196,21
DA:197,21
LF:36
LH:33
BRDA:78,0,0,8
BRDA:78,0,1,8
BRDA:82,1,0,8
BRDA:82,1,1,0
BRDA:86,2,0,8
BRDA:86,2,1,8
BRDA:90,3,0,8
BRDA:90,3,1,0
BRDA:111,4,0,0
BRDA:111,4,1,0
BRDA:126,5,0,8
BRDA:126,5,1,0
BRDA:137,6,0,0
BRDA:137,6,1,8
BRDA:190,7,0,0
BRDA:190,7,1,8
BRF:16
BRH:9
end_of_record
TN:
SF:/Users/jacktan/Documents/git/incognito-record-ui/src/calendar/index.js
FNF:0
FNH:0
LF:0
LH:0
BRF:0
BRH:0
end_of_record
TN:
SF:/Users/jacktan/Documents/git/incognito-record-ui/src/categories/Categories.js
FN:20,(anonymous_0)
FN:32,(anonymous_1)
FN:56,(anonymous_2)
FN:60,(anonymous_3)
FN:64,(anonymous_4)
FN:70,(anonymous_5)
FN:75,(anonymous_6)
FN:84,(anonymous_7)
FN:87,(anonymous_8)
FN:87,(anonymous_9)
FN:92,(anonymous_10)
FNF:11
FNH:10
FNDA:2,(anonymous_0)
FNDA:1,(anonymous_1)
FNDA:1,(anonymous_2)
FNDA:0,(anonymous_3)
FNDA:3,(anonymous_4)
FNDA:1,(anonymous_5)
FNDA:5,(anonymous_6)
FNDA:2,(anonymous_7)
FNDA:2,(anonymous_8)
FNDA:2,(anonymous_9)
FNDA:6,(anonymous_10)
DA:11,3
DA:13,3
DA:21,2
DA:22,1
DA:31,3
DA:33,1
DA:34,1
DA:57,1
DA:61,0
DA:65,3
DA:67,3
DA:71,1
DA:75,5
DA:84,2
DA:87,2
DA:88,2
DA:92,6
LF:17
LH:16
BRDA:69,0,0,1
BRDA:69,0,1,2
BRDA:85,1,0,1
BRDA:85,1,1,0
BRF:4
BRH:3
end_of_record
TN:
SF:/Users/jacktan/Documents/git/incognito-record-ui/src/categories/Categories.messages.js
FNF:0
FNH:0
LF:0
LH:0
BRF:0
BRH:0
end_of_record
TN:
SF:/Users/jacktan/Documents/git/incognito-record-ui/src/categories/index.js
FNF:0
FNH:0
LF:0
LH:0
BRF:0
BRH:0
end_of_record
TN:
SF:/Users/jacktan/Documents/git/incognito-record-ui/src/config/routes.js
FNF:0
FNH:0
LF:0
LH:0
BRF:0
BRH:0
end_of_record
TN:
SF:/Users/jacktan/Documents/git/incognito-record-ui/src/content/Content.js
FN:8,(anonymous_0)
FNF:1
FNH:1
FNDA:1,(anonymous_0)
DA:6,2
DA:8,2
DA:9,1
LF:3
LH:3
BRDA:11,0,0,1
BRDA:11,0,1,0
BRF:2
BRH:1
end_of_record
TN:
SF:/Users/jacktan/Documents/git/incognito-record-ui/src/content/index.js
FNF:0
FNH:0
LF:0
LH:0
BRF:0
BRH:0
end_of_record
TN:
SF:/Users/jacktan/Documents/git/incognito-record-ui/src/digitalClock/DigitalClock.js
FN:10,(anonymous_0)
FN:14,(anonymous_1)
FN:18,(anonymous_2)
FN:22,(anonymous_3)
FNF:4
FNH:4
FNDA:7,(anonymous_0)
FNDA:7,(anonymous_1)
FNDA:7,(anonymous_2)
FNDA:3,(anonymous_3)
DA:7,3
DA:11,7
DA:15,7
DA:19,7
DA:23,3
LF:5
LH:5
BRF:0
BRH:0
end_of_record
TN:
SF:/Users/jacktan/Documents/git/incognito-record-ui/src/digitalClock/index.js
FNF:0
FNH:0
LF:0
LH:0
BRF:0
BRH:0
end_of_record
TN:
SF:/Users/jacktan/Documents/git/incognito-record-ui/src/footer/Footer.js
FN:10,(anonymous_0)
FNF:1
FNH:1
FNDA:2,(anonymous_0)
DA:8,1
DA:10,1
DA:11,2
LF:3
LH:3
BRF:0
BRH:0
end_of_record
TN:
SF:/Users/jacktan/Documents/git/incognito-record-ui/src/footer/index.js
FNF:0
FNH:0
LF:0
LH:0
BRF:0
BRH:0
end_of_record
TN:
SF:/Users/jacktan/Documents/git/incognito-record-ui/src/footer/timer/Timer.js
FN:14,(anonymous_0)
FN:20,(anonymous_1)
FN:26,(anonymous_2)
FN:29,(anonymous_3)
FN:34,(anonymous_4)
FN:38,(anonymous_5)
FNF:6
FNH:3
FNDA:3,(anonymous_0)
FNDA:0,(anonymous_1)
FNDA:3,(anonymous_2)
FNDA:0,(anonymous_3)
FNDA:3,(anonymous_4)
FNDA:0,(anonymous_5)
DA:7,2
DA:15,3
DA:17,3
DA:21,0
DA:27,3
DA:29,3
DA:30,0
DA:35,3
DA:39,0
LF:9
LH:6
BRDA:26,0,0,2
BRDA:37,1,0,3
BRDA:37,1,1,0
BRF:3
BRH:2
end_of_record
TN:
SF:/Users/jacktan/Documents/git/incognito-record-ui/src/footer/timer/index.js
FNF:0
FNH:0
LF:0
LH:0
BRF:0
BRH:0
end_of_record
TN:
SF:/Users/jacktan/Documents/git/incognito-record-ui/src/header/Header.js
FN:12,(anonymous_0)
FNF:1
FNH:1
FNDA:4,(anonymous_0)
DA:10,2
DA:12,2
DA:13,4
LF:3
LH:3
BRDA:18,0,0,4
BRDA:18,0,1,2
BRF:2
BRH:2
end_of_record
TN:
SF:/Users/jacktan/Documents/git/incognito-record-ui/src/header/index.js
FNF:0
FNH:0
LF:0
LH:0
BRF:0
BRH:0
end_of_record
TN:
SF:/Users/jacktan/Documents/git/incognito-record-ui/src/header/navicon/index.js
FNF:0
FNH:0
LF:0
LH:0
BRF:0
BRH:0
end_of_record
TN:
SF:/Users/jacktan/Documents/git/incognito-record-ui/src/header/navicon/navicon.js
FN:8,(anonymous_0)
FNF:1
FNH:1
FNDA:1,(anonymous_0)
DA:6,2
DA:8,2
LF:2
LH:2
BRF:0
BRH:0
end_of_record
TN:
SF:/Users/jacktan/Documents/git/incognito-record-ui/src/header/navigation/Navigation.js
FN:12,(anonymous_0)
FNF:1
FNH:1
FNDA:2,(anonymous_0)
DA:10,2
DA:12,2
DA:13,2
LF:3
LH:3
BRF:0
BRH:0
end_of_record
TN:
SF:/Users/jacktan/Documents/git/incognito-record-ui/src/header/navigation/Navigation.messages.js
FNF:0
FNH:0
LF:0
LH:0
BRF:0
BRH:0
end_of_record
TN:
SF:/Users/jacktan/Documents/git/incognito-record-ui/src/header/navigation/index.js
FNF:0
FNH:0
LF:0
LH:0
BRF:0
BRH:0
end_of_record
TN:
SF:/Users/jacktan/Documents/git/incognito-record-ui/src/page/about/About.js
FN:15,(anonymous_0)
FN:16,(anonymous_1)
FN:17,(anonymous_2)
FN:28,(anonymous_3)
FN:33,(anonymous_4)
FN:35,(anonymous_5)
FN:53,(anonymous_6)
FNF:7
FNH:0
FNDA:0,(anonymous_0)
FNDA:0,(anonymous_1)
FNDA:0,(anonymous_2)
FNDA:0,(anonymous_3)
FNDA:0,(anonymous_4)
FNDA:0,(anonymous_5)
FNDA:0,(anonymous_6)
DA:8,1
DA:16,0
DA:17,0
DA:18,0
DA:21,0
DA:22,0
DA:29,0
DA:30,0
DA:33,0
DA:36,0
DA:37,0
DA:38,0
DA:51,0
DA:54,0
LF:14
LH:1
BRDA:21,0,0,0
BRDA:21,0,1,0
BRDA:21,1,0,0
BRDA:21,1,1,0
BRDA:33,2,0,0
BRDA:33,2,1,0
BRDA:33,2,2,0
BRF:7
BRH:0
end_of_record
TN:
SF:/Users/jacktan/Documents/git/incognito-record-ui/src/page/about/index.js
FNF:0
FNH:0
LF:0
LH:0
BRF:0
BRH:0
end_of_record
TN:
SF:/Users/jacktan/Documents/git/incognito-record-ui/src/page/blog/Blog.js
FN:53,(anonymous_0)
FN:54,(anonymous_1)
FN:57,(anonymous_2)
FN:59,(anonymous_3)
FN:60,(anonymous_4)
FN:88,(anonymous_5)
FN:114,(anonymous_6)
FN:129,(anonymous_7)
FNF:8
FNH:5
FNDA:3,(anonymous_0)
FNDA:0,(anonymous_1)
FNDA:1,(anonymous_2)
FNDA:0,(anonymous_3)
FNDA:0,(anonymous_4)
FNDA:4,(anonymous_5)
FNDA:5,(anonymous_6)
FNDA:20,(anonymous_7)
DA:17,2
DA:54,3
DA:57,1
DA:60,0
DA:61,0
DA:89,4
DA:115,5
DA:130,20
LF:8
LH:6
BRDA:98,0,0,4
BRDA:98,0,1,0
BRDA:111,1,0,0
BRDA:111,1,1,4
BRDA:115,2,0,0
BRDA:115,2,1,5
BRF:6
BRH:3
end_of_record
TN:
SF:/Users/jacktan/Documents/git/incognito-record-ui/src/page/blog/Blog.messages.js
FNF:0
FNH:0
LF:0
LH:0
BRF:0
BRH:0
end_of_record
TN:
SF:/Users/jacktan/Documents/git/incognito-record-ui/src/page/blog/index.js
FNF:0
FNH:0
LF:0
LH:0
BRF:0
BRH:0
end_of_record
TN:
SF:/Users/jacktan/Documents/git/incognito-record-ui/src/page/root/Root.js
FN:14,(anonymous_0)
FNF:1
FNH:1
FNDA:2,(anonymous_0)
DA:12,1
DA:14,1
DA:15,2
DA:17,2
LF:4
LH:4
BRF:0
BRH:0
end_of_record
TN:
SF:/Users/jacktan/Documents/git/incognito-record-ui/src/page/root/intl/Intl.js
FN:13,(anonymous_0)
FNF:1
FNH:1
FNDA:2,(anonymous_0)
DA:6,1
DA:8,1
DA:11,1
DA:13,1
DA:14,2
LF:5
LH:5
BRF:0
BRH:0
end_of_record
TN:
SF:/Users/jacktan/Documents/git/incognito-record-ui/src/page/root/intl/index.js
FNF:0
FNH:0
LF:0
LH:0
BRF:0
BRH:0
end_of_record
TN:
SF:/Users/jacktan/Documents/git/incognito-record-ui/src/page/root/router/Router.js
FN:8,(anonymous_0)
FNF:1
FNH:1
FNDA:2,(anonymous_0)
DA:8,1
DA:9,2
LF:2
LH:2
BRF:0
BRH:0
end_of_record
TN:
SF:/Users/jacktan/Documents/git/incognito-record-ui/src/page/root/router/index.js
FNF:0
FNH:0
LF:0
LH:0
BRF:0
BRH:0
end_of_record
TN:
SF:/Users/jacktan/Documents/git/incognito-record-ui/src/spinner/Spinner.js
FN:8,(anonymous_0)
FNF:1
FNH:1
FNDA:4,(anonymous_0)
DA:6,2
DA:8,4
LF:2
LH:2
BRF:0
BRH:0
end_of_record
TN:
SF:/Users/jacktan/Documents/git/incognito-record-ui/src/spinner/index.js
FNF:0
FNH:0
LF:0
LH:0
BRF:0
BRH:0
end_of_record
TN:
SF:/Users/jacktan/Documents/git/incognito-record-ui/src/ui/search/Search.js
FN:9,(anonymous_0)
FNF:1
FNH:1
FNDA:2,(anonymous_0)
DA:7,3
DA:9,3
DA:10,2
LF:3
LH:3
BRF:0
BRH:0
end_of_record
TN:
SF:/Users/jacktan/Documents/git/incognito-record-ui/src/ui/search/index.js
FNF:0
FNH:0
LF:0
LH:0
BRF:0
BRH:0
end_of_record
TN:
SF:/Users/jacktan/Documents/git/incognito-record-ui/src/ui/textField/TextField.js
FN:8,(anonymous_0)
FNF:1
FNH:1
FNDA:2,(anonymous_0)
DA:6,3
DA:8,3
DA:9,2
DA:14,2
LF:4
LH:4
BRDA:18,0,0,2
BRDA:18,0,1,0
BRF:2
BRH:1
end_of_record
TN:
SF:/Users/jacktan/Documents/git/incognito-record-ui/src/ui/textField/index.js
FNF:0
FNH:0
LF:0
LH:0
BRF:0
BRH:0
end_of_record
TN:
SF:/Users/jacktan/Documents/git/incognito-record-ui/src/util/createBem.js
FN:1,(anonymous_0)
FN:1,(anonymous_1)
FNF:2
FNH:2
FNDA:38,(anonymous_0)
FNDA:361,(anonymous_1)
DA:1,38
DA:2,361
DA:4,361
DA:5,296
DA:8,361
DA:9,8
DA:12,361
LF:7
LH:7
BRDA:4,0,0,296
BRDA:4,0,1,65
BRDA:8,1,0,8
BRDA:8,1,1,353
BRF:4
BRH:4
end_of_record
TN:
SF:/Users/jacktan/Documents/git/incognito-record-ui/src/util/delay.js
FN:1,(anonymous_0)
FN:1,(anonymous_1)
FNF:2
FNH:2
FNDA:3,(anonymous_0)
FNDA:3,(anonymous_1)
DA:1,5
LF:1
LH:1
BRF:0
BRH:0
end_of_record
